<?xml version="1.0" encoding="UTF-8"?>
<testsuite xmlns:xsi="http://www.w3.org/2001/XMLSchema-instance" xsi:noNamespaceSchemaLocation="https://maven.apache.org/surefire/maven-surefire-plugin/xsd/surefire-test-report.xsd" name="com.telecom.monaco.consumer.ConsumerApplicationTests" time="3.836" tests="1" errors="1" skipped="0" failures="0">
  <properties>
    <property name="java.specification.version" value="17"/>
    <property name="sun.jnu.encoding" value="UTF-8"/>
    <property name="java.class.path" value="/home/marwane/Test_Telecom_Monaco/producer/target/test-classes:/home/marwane/Test_Telecom_Monaco/producer/target/classes:/home/marwane/.m2/repository/org/springframework/boot/spring-boot-starter-amqp/2.6.3/spring-boot-starter-amqp-2.6.3.jar:/home/marwane/.m2/repository/org/springframework/boot/spring-boot-starter/2.6.3/spring-boot-starter-2.6.3.jar:/home/marwane/.m2/repository/org/springframework/boot/spring-boot/2.6.3/spring-boot-2.6.3.jar:/home/marwane/.m2/repository/org/springframework/boot/spring-boot-autoconfigure/2.6.3/spring-boot-autoconfigure-2.6.3.jar:/home/marwane/.m2/repository/org/springframework/boot/spring-boot-starter-logging/2.6.3/spring-boot-starter-logging-2.6.3.jar:/home/marwane/.m2/repository/ch/qos/logback/logback-classic/1.2.10/logback-classic-1.2.10.jar:/home/marwane/.m2/repository/ch/qos/logback/logback-core/1.2.10/logback-core-1.2.10.jar:/home/marwane/.m2/repository/org/apache/logging/log4j/log4j-to-slf4j/2.17.1/log4j-to-slf4j-2.17.1.jar:/home/marwane/.m2/repository/org/apache/logging/log4j/log4j-api/2.17.1/log4j-api-2.17.1.jar:/home/marwane/.m2/repository/org/slf4j/jul-to-slf4j/1.7.33/jul-to-slf4j-1.7.33.jar:/home/marwane/.m2/repository/jakarta/annotation/jakarta.annotation-api/1.3.5/jakarta.annotation-api-1.3.5.jar:/home/marwane/.m2/repository/org/yaml/snakeyaml/1.29/snakeyaml-1.29.jar:/home/marwane/.m2/repository/org/springframework/spring-messaging/5.3.15/spring-messaging-5.3.15.jar:/home/marwane/.m2/repository/org/springframework/spring-beans/5.3.15/spring-beans-5.3.15.jar:/home/marwane/.m2/repository/org/springframework/amqp/spring-rabbit/2.4.2/spring-rabbit-2.4.2.jar:/home/marwane/.m2/repository/org/springframework/amqp/spring-amqp/2.4.2/spring-amqp-2.4.2.jar:/home/marwane/.m2/repository/com/rabbitmq/amqp-client/5.13.1/amqp-client-5.13.1.jar:/home/marwane/.m2/repository/org/springframework/spring-context/5.3.15/spring-context-5.3.15.jar:/home/marwane/.m2/repository/org/springframework/spring-tx/5.3.15/spring-tx-5.3.15.jar:/home/marwane/.m2/repository/org/springframework/boot/spring-boot-starter-web/2.6.3/spring-boot-starter-web-2.6.3.jar:/home/marwane/.m2/repository/org/springframework/boot/spring-boot-starter-json/2.6.3/spring-boot-starter-json-2.6.3.jar:/home/marwane/.m2/repository/com/fasterxml/jackson/core/jackson-databind/2.13.1/jackson-databind-2.13.1.jar:/home/marwane/.m2/repository/com/fasterxml/jackson/core/jackson-annotations/2.13.1/jackson-annotations-2.13.1.jar:/home/marwane/.m2/repository/com/fasterxml/jackson/core/jackson-core/2.13.1/jackson-core-2.13.1.jar:/home/marwane/.m2/repository/com/fasterxml/jackson/datatype/jackson-datatype-jdk8/2.13.1/jackson-datatype-jdk8-2.13.1.jar:/home/marwane/.m2/repository/com/fasterxml/jackson/datatype/jackson-datatype-jsr310/2.13.1/jackson-datatype-jsr310-2.13.1.jar:/home/marwane/.m2/repository/com/fasterxml/jackson/module/jackson-module-parameter-names/2.13.1/jackson-module-parameter-names-2.13.1.jar:/home/marwane/.m2/repository/org/springframework/boot/spring-boot-starter-tomcat/2.6.3/spring-boot-starter-tomcat-2.6.3.jar:/home/marwane/.m2/repository/org/apache/tomcat/embed/tomcat-embed-core/9.0.56/tomcat-embed-core-9.0.56.jar:/home/marwane/.m2/repository/org/apache/tomcat/embed/tomcat-embed-el/9.0.56/tomcat-embed-el-9.0.56.jar:/home/marwane/.m2/repository/org/apache/tomcat/embed/tomcat-embed-websocket/9.0.56/tomcat-embed-websocket-9.0.56.jar:/home/marwane/.m2/repository/org/springframework/spring-web/5.3.15/spring-web-5.3.15.jar:/home/marwane/.m2/repository/org/springframework/spring-webmvc/5.3.15/spring-webmvc-5.3.15.jar:/home/marwane/.m2/repository/org/springframework/spring-aop/5.3.15/spring-aop-5.3.15.jar:/home/marwane/.m2/repository/org/springframework/spring-expression/5.3.15/spring-expression-5.3.15.jar:/home/marwane/.m2/repository/org/springframework/cloud/spring-cloud-stream/3.2.1/spring-cloud-stream-3.2.1.jar:/home/marwane/.m2/repository/org/springframework/boot/spring-boot-starter-validation/2.6.3/spring-boot-starter-validation-2.6.3.jar:/home/marwane/.m2/repository/org/hibernate/validator/hibernate-validator/6.2.0.Final/hibernate-validator-6.2.0.Final.jar:/home/marwane/.m2/repository/jakarta/validation/jakarta.validation-api/2.0.2/jakarta.validation-api-2.0.2.jar:/home/marwane/.m2/repository/org/jboss/logging/jboss-logging/3.4.3.Final/jboss-logging-3.4.3.Final.jar:/home/marwane/.m2/repository/com/fasterxml/classmate/1.5.1/classmate-1.5.1.jar:/home/marwane/.m2/repository/org/springframework/integration/spring-integration-core/5.5.8/spring-integration-core-5.5.8.jar:/home/marwane/.m2/repository/io/projectreactor/reactor-core/3.4.14/reactor-core-3.4.14.jar:/home/marwane/.m2/repository/org/reactivestreams/reactive-streams/1.0.3/reactive-streams-1.0.3.jar:/home/marwane/.m2/repository/org/springframework/integration/spring-integration-jmx/5.5.8/spring-integration-jmx-5.5.8.jar:/home/marwane/.m2/repository/org/springframework/retry/spring-retry/1.3.1/spring-retry-1.3.1.jar:/home/marwane/.m2/repository/javax/annotation/javax.annotation-api/1.3.2/javax.annotation-api-1.3.2.jar:/home/marwane/.m2/repository/org/springframework/cloud/spring-cloud-function-context/3.2.1/spring-cloud-function-context-3.2.1.jar:/home/marwane/.m2/repository/net/jodah/typetools/0.6.2/typetools-0.6.2.jar:/home/marwane/.m2/repository/org/springframework/cloud/spring-cloud-function-core/3.2.1/spring-cloud-function-core-3.2.1.jar:/home/marwane/.m2/repository/org/springframework/cloud/spring-cloud-stream-binder-rabbit/3.2.1/spring-cloud-stream-binder-rabbit-3.2.1.jar:/home/marwane/.m2/repository/org/springframework/cloud/spring-cloud-function-deployer/3.2.1/spring-cloud-function-deployer-3.2.1.jar:/home/marwane/.m2/repository/org/springframework/boot/spring-boot-loader/2.6.3/spring-boot-loader-2.6.3.jar:/home/marwane/.m2/repository/org/springframework/cloud/spring-cloud-deployer-resource-maven/2.5.1/spring-cloud-deployer-resource-maven-2.5.1.jar:/home/marwane/.m2/repository/org/apache/maven/maven-model-builder/3.6.2/maven-model-builder-3.6.2.jar:/home/marwane/.m2/repository/org/codehaus/plexus/plexus-utils/3.2.1/plexus-utils-3.2.1.jar:/home/marwane/.m2/repository/org/codehaus/plexus/plexus-interpolation/1.25/plexus-interpolation-1.25.jar:/home/marwane/.m2/repository/javax/inject/javax.inject/1/javax.inject-1.jar:/home/marwane/.m2/repository/org/apache/maven/maven-model/3.6.2/maven-model-3.6.2.jar:/home/marwane/.m2/repository/org/apache/maven/maven-artifact/3.6.2/maven-artifact-3.6.2.jar:/home/marwane/.m2/repository/org/apache/commons/commons-lang3/3.12.0/commons-lang3-3.12.0.jar:/home/marwane/.m2/repository/org/apache/maven/maven-builder-support/3.6.2/maven-builder-support-3.6.2.jar:/home/marwane/.m2/repository/org/eclipse/sisu/org.eclipse.sisu.inject/0.3.3/org.eclipse.sisu.inject-0.3.3.jar:/home/marwane/.m2/repository/org/apache/maven/maven-resolver-provider/3.6.2/maven-resolver-provider-3.6.2.jar:/home/marwane/.m2/repository/org/apache/maven/maven-repository-metadata/3.6.2/maven-repository-metadata-3.6.2.jar:/home/marwane/.m2/repository/org/apache/maven/resolver/maven-resolver-api/1.4.1/maven-resolver-api-1.4.1.jar:/home/marwane/.m2/repository/org/apache/maven/resolver/maven-resolver-spi/1.4.1/maven-resolver-spi-1.4.1.jar:/home/marwane/.m2/repository/org/apache/maven/resolver/maven-resolver-util/1.4.1/maven-resolver-util-1.4.1.jar:/home/marwane/.m2/repository/org/apache/maven/resolver/maven-resolver-connector-basic/1.4.1/maven-resolver-connector-basic-1.4.1.jar:/home/marwane/.m2/repository/org/apache/maven/resolver/maven-resolver-transport-file/1.4.1/maven-resolver-transport-file-1.4.1.jar:/home/marwane/.m2/repository/org/apache/maven/resolver/maven-resolver-transport-http/1.4.1/maven-resolver-transport-http-1.4.1.jar:/home/marwane/.m2/repository/org/slf4j/jcl-over-slf4j/1.7.33/jcl-over-slf4j-1.7.33.jar:/home/marwane/.m2/repository/org/apache/maven/resolver/maven-resolver-transport-wagon/1.4.1/maven-resolver-transport-wagon-1.4.1.jar:/home/marwane/.m2/repository/org/apache/maven/wagon/wagon-provider-api/3.0.0/wagon-provider-api-3.0.0.jar:/home/marwane/.m2/repository/org/apache/maven/resolver/maven-resolver-impl/1.4.1/maven-resolver-impl-1.4.1.jar:/home/marwane/.m2/repository/org/apache/maven/wagon/wagon-http/3.3.4/wagon-http-3.3.4.jar:/home/marwane/.m2/repository/org/apache/maven/wagon/wagon-http-shared/3.3.4/wagon-http-shared-3.3.4.jar:/home/marwane/.m2/repository/org/jsoup/jsoup/1.12.1/jsoup-1.12.1.jar:/home/marwane/.m2/repository/commons-io/commons-io/2.6/commons-io-2.6.jar:/home/marwane/.m2/repository/org/springframework/cloud/spring-cloud-stream-binder-rabbit-core/3.2.1/spring-cloud-stream-binder-rabbit-core-3.2.1.jar:/home/marwane/.m2/repository/org/springframework/integration/spring-integration-amqp/5.5.8/spring-integration-amqp-5.5.8.jar:/home/marwane/.m2/repository/com/rabbitmq/http-client/2.1.0.RELEASE/http-client-2.1.0.RELEASE.jar:/home/marwane/.m2/repository/org/apache/httpcomponents/httpclient/4.5.13/httpclient-4.5.13.jar:/home/marwane/.m2/repository/org/apache/httpcomponents/httpcore/4.4.15/httpcore-4.4.15.jar:/home/marwane/.m2/repository/commons-codec/commons-codec/1.15/commons-codec-1.15.jar:/home/marwane/.m2/repository/org/springframework/boot/spring-boot-starter-test/2.6.3/spring-boot-starter-test-2.6.3.jar:/home/marwane/.m2/repository/org/springframework/boot/spring-boot-test/2.6.3/spring-boot-test-2.6.3.jar:/home/marwane/.m2/repository/org/springframework/boot/spring-boot-test-autoconfigure/2.6.3/spring-boot-test-autoconfigure-2.6.3.jar:/home/marwane/.m2/repository/com/jayway/jsonpath/json-path/2.6.0/json-path-2.6.0.jar:/home/marwane/.m2/repository/net/minidev/json-smart/2.4.7/json-smart-2.4.7.jar:/home/marwane/.m2/repository/net/minidev/accessors-smart/2.4.7/accessors-smart-2.4.7.jar:/home/marwane/.m2/repository/org/ow2/asm/asm/9.1/asm-9.1.jar:/home/marwane/.m2/repository/org/slf4j/slf4j-api/1.7.33/slf4j-api-1.7.33.jar:/home/marwane/.m2/repository/jakarta/xml/bind/jakarta.xml.bind-api/2.3.3/jakarta.xml.bind-api-2.3.3.jar:/home/marwane/.m2/repository/jakarta/activation/jakarta.activation-api/1.2.2/jakarta.activation-api-1.2.2.jar:/home/marwane/.m2/repository/org/assertj/assertj-core/3.21.0/assertj-core-3.21.0.jar:/home/marwane/.m2/repository/org/hamcrest/hamcrest/2.2/hamcrest-2.2.jar:/home/marwane/.m2/repository/org/junit/jupiter/junit-jupiter/5.8.2/junit-jupiter-5.8.2.jar:/home/marwane/.m2/repository/org/junit/jupiter/junit-jupiter-api/5.8.2/junit-jupiter-api-5.8.2.jar:/home/marwane/.m2/repository/org/opentest4j/opentest4j/1.2.0/opentest4j-1.2.0.jar:/home/marwane/.m2/repository/org/junit/platform/junit-platform-commons/1.8.2/junit-platform-commons-1.8.2.jar:/home/marwane/.m2/repository/org/apiguardian/apiguardian-api/1.1.2/apiguardian-api-1.1.2.jar:/home/marwane/.m2/repository/org/junit/jupiter/junit-jupiter-params/5.8.2/junit-jupiter-params-5.8.2.jar:/home/marwane/.m2/repository/org/junit/jupiter/junit-jupiter-engine/5.8.2/junit-jupiter-engine-5.8.2.jar:/home/marwane/.m2/repository/org/junit/platform/junit-platform-engine/1.8.2/junit-platform-engine-1.8.2.jar:/home/marwane/.m2/repository/org/mockito/mockito-core/4.0.0/mockito-core-4.0.0.jar:/home/marwane/.m2/repository/net/bytebuddy/byte-buddy/1.11.22/byte-buddy-1.11.22.jar:/home/marwane/.m2/repository/net/bytebuddy/byte-buddy-agent/1.11.22/byte-buddy-agent-1.11.22.jar:/home/marwane/.m2/repository/org/objenesis/objenesis/3.2/objenesis-3.2.jar:/home/marwane/.m2/repository/org/mockito/mockito-junit-jupiter/4.0.0/mockito-junit-jupiter-4.0.0.jar:/home/marwane/.m2/repository/org/skyscreamer/jsonassert/1.5.0/jsonassert-1.5.0.jar:/home/marwane/.m2/repository/com/vaadin/external/google/android-json/0.0.20131108.vaadin1/android-json-0.0.20131108.vaadin1.jar:/home/marwane/.m2/repository/org/springframework/spring-core/5.3.15/spring-core-5.3.15.jar:/home/marwane/.m2/repository/org/springframework/spring-jcl/5.3.15/spring-jcl-5.3.15.jar:/home/marwane/.m2/repository/org/springframework/spring-test/5.3.15/spring-test-5.3.15.jar:/home/marwane/.m2/repository/org/xmlunit/xmlunit-core/2.8.4/xmlunit-core-2.8.4.jar:/home/marwane/.m2/repository/org/springframework/amqp/spring-rabbit-test/2.4.2/spring-rabbit-test-2.4.2.jar:/home/marwane/.m2/repository/org/springframework/amqp/spring-rabbit-junit/2.4.2/spring-rabbit-junit-2.4.2.jar:/home/marwane/.m2/repository/org/hamcrest/hamcrest-library/2.2/hamcrest-library-2.2.jar:/home/marwane/.m2/repository/org/hamcrest/hamcrest-core/2.2/hamcrest-core-2.2.jar:/home/marwane/.m2/repository/org/springframework/cloud/spring-cloud-stream/3.2.1/spring-cloud-stream-3.2.1-test-binder.jar:"/>
    <property name="java.vm.vendor" value="Oracle Corporation"/>
    <property name="sun.arch.data.model" value="64"/>
    <property name="java.vendor.url" value="https://java.oracle.com/"/>
    <property name="os.name" value="Linux"/>
    <property name="java.vm.specification.version" value="17"/>
    <property name="sun.java.launcher" value="SUN_STANDARD"/>
    <property name="user.country" value="FR"/>
    <property name="sun.boot.library.path" value="/usr/lib/jvm/jdk-17/lib"/>
    <property name="sun.java.command" value="/home/marwane/Test_Telecom_Monaco/producer/target/surefire/surefirebooter14426610474161501735.jar /home/marwane/Test_Telecom_Monaco/producer/target/surefire 2022-02-17T16-51-17_631-jvmRun1 surefire13672579985214809474tmp surefire_06645549372650778046tmp"/>
    <property name="jdk.debug" value="release"/>
    <property name="surefire.test.class.path" value="/home/marwane/Test_Telecom_Monaco/producer/target/test-classes:/home/marwane/Test_Telecom_Monaco/producer/target/classes:/home/marwane/.m2/repository/org/springframework/boot/spring-boot-starter-amqp/2.6.3/spring-boot-starter-amqp-2.6.3.jar:/home/marwane/.m2/repository/org/springframework/boot/spring-boot-starter/2.6.3/spring-boot-starter-2.6.3.jar:/home/marwane/.m2/repository/org/springframework/boot/spring-boot/2.6.3/spring-boot-2.6.3.jar:/home/marwane/.m2/repository/org/springframework/boot/spring-boot-autoconfigure/2.6.3/spring-boot-autoconfigure-2.6.3.jar:/home/marwane/.m2/repository/org/springframework/boot/spring-boot-starter-logging/2.6.3/spring-boot-starter-logging-2.6.3.jar:/home/marwane/.m2/repository/ch/qos/logback/logback-classic/1.2.10/logback-classic-1.2.10.jar:/home/marwane/.m2/repository/ch/qos/logback/logback-core/1.2.10/logback-core-1.2.10.jar:/home/marwane/.m2/repository/org/apache/logging/log4j/log4j-to-slf4j/2.17.1/log4j-to-slf4j-2.17.1.jar:/home/marwane/.m2/repository/org/apache/logging/log4j/log4j-api/2.17.1/log4j-api-2.17.1.jar:/home/marwane/.m2/repository/org/slf4j/jul-to-slf4j/1.7.33/jul-to-slf4j-1.7.33.jar:/home/marwane/.m2/repository/jakarta/annotation/jakarta.annotation-api/1.3.5/jakarta.annotation-api-1.3.5.jar:/home/marwane/.m2/repository/org/yaml/snakeyaml/1.29/snakeyaml-1.29.jar:/home/marwane/.m2/repository/org/springframework/spring-messaging/5.3.15/spring-messaging-5.3.15.jar:/home/marwane/.m2/repository/org/springframework/spring-beans/5.3.15/spring-beans-5.3.15.jar:/home/marwane/.m2/repository/org/springframework/amqp/spring-rabbit/2.4.2/spring-rabbit-2.4.2.jar:/home/marwane/.m2/repository/org/springframework/amqp/spring-amqp/2.4.2/spring-amqp-2.4.2.jar:/home/marwane/.m2/repository/com/rabbitmq/amqp-client/5.13.1/amqp-client-5.13.1.jar:/home/marwane/.m2/repository/org/springframework/spring-context/5.3.15/spring-context-5.3.15.jar:/home/marwane/.m2/repository/org/springframework/spring-tx/5.3.15/spring-tx-5.3.15.jar:/home/marwane/.m2/repository/org/springframework/boot/spring-boot-starter-web/2.6.3/spring-boot-starter-web-2.6.3.jar:/home/marwane/.m2/repository/org/springframework/boot/spring-boot-starter-json/2.6.3/spring-boot-starter-json-2.6.3.jar:/home/marwane/.m2/repository/com/fasterxml/jackson/core/jackson-databind/2.13.1/jackson-databind-2.13.1.jar:/home/marwane/.m2/repository/com/fasterxml/jackson/core/jackson-annotations/2.13.1/jackson-annotations-2.13.1.jar:/home/marwane/.m2/repository/com/fasterxml/jackson/core/jackson-core/2.13.1/jackson-core-2.13.1.jar:/home/marwane/.m2/repository/com/fasterxml/jackson/datatype/jackson-datatype-jdk8/2.13.1/jackson-datatype-jdk8-2.13.1.jar:/home/marwane/.m2/repository/com/fasterxml/jackson/datatype/jackson-datatype-jsr310/2.13.1/jackson-datatype-jsr310-2.13.1.jar:/home/marwane/.m2/repository/com/fasterxml/jackson/module/jackson-module-parameter-names/2.13.1/jackson-module-parameter-names-2.13.1.jar:/home/marwane/.m2/repository/org/springframework/boot/spring-boot-starter-tomcat/2.6.3/spring-boot-starter-tomcat-2.6.3.jar:/home/marwane/.m2/repository/org/apache/tomcat/embed/tomcat-embed-core/9.0.56/tomcat-embed-core-9.0.56.jar:/home/marwane/.m2/repository/org/apache/tomcat/embed/tomcat-embed-el/9.0.56/tomcat-embed-el-9.0.56.jar:/home/marwane/.m2/repository/org/apache/tomcat/embed/tomcat-embed-websocket/9.0.56/tomcat-embed-websocket-9.0.56.jar:/home/marwane/.m2/repository/org/springframework/spring-web/5.3.15/spring-web-5.3.15.jar:/home/marwane/.m2/repository/org/springframework/spring-webmvc/5.3.15/spring-webmvc-5.3.15.jar:/home/marwane/.m2/repository/org/springframework/spring-aop/5.3.15/spring-aop-5.3.15.jar:/home/marwane/.m2/repository/org/springframework/spring-expression/5.3.15/spring-expression-5.3.15.jar:/home/marwane/.m2/repository/org/springframework/cloud/spring-cloud-stream/3.2.1/spring-cloud-stream-3.2.1.jar:/home/marwane/.m2/repository/org/springframework/boot/spring-boot-starter-validation/2.6.3/spring-boot-starter-validation-2.6.3.jar:/home/marwane/.m2/repository/org/hibernate/validator/hibernate-validator/6.2.0.Final/hibernate-validator-6.2.0.Final.jar:/home/marwane/.m2/repository/jakarta/validation/jakarta.validation-api/2.0.2/jakarta.validation-api-2.0.2.jar:/home/marwane/.m2/repository/org/jboss/logging/jboss-logging/3.4.3.Final/jboss-logging-3.4.3.Final.jar:/home/marwane/.m2/repository/com/fasterxml/classmate/1.5.1/classmate-1.5.1.jar:/home/marwane/.m2/repository/org/springframework/integration/spring-integration-core/5.5.8/spring-integration-core-5.5.8.jar:/home/marwane/.m2/repository/io/projectreactor/reactor-core/3.4.14/reactor-core-3.4.14.jar:/home/marwane/.m2/repository/org/reactivestreams/reactive-streams/1.0.3/reactive-streams-1.0.3.jar:/home/marwane/.m2/repository/org/springframework/integration/spring-integration-jmx/5.5.8/spring-integration-jmx-5.5.8.jar:/home/marwane/.m2/repository/org/springframework/retry/spring-retry/1.3.1/spring-retry-1.3.1.jar:/home/marwane/.m2/repository/javax/annotation/javax.annotation-api/1.3.2/javax.annotation-api-1.3.2.jar:/home/marwane/.m2/repository/org/springframework/cloud/spring-cloud-function-context/3.2.1/spring-cloud-function-context-3.2.1.jar:/home/marwane/.m2/repository/net/jodah/typetools/0.6.2/typetools-0.6.2.jar:/home/marwane/.m2/repository/org/springframework/cloud/spring-cloud-function-core/3.2.1/spring-cloud-function-core-3.2.1.jar:/home/marwane/.m2/repository/org/springframework/cloud/spring-cloud-stream-binder-rabbit/3.2.1/spring-cloud-stream-binder-rabbit-3.2.1.jar:/home/marwane/.m2/repository/org/springframework/cloud/spring-cloud-function-deployer/3.2.1/spring-cloud-function-deployer-3.2.1.jar:/home/marwane/.m2/repository/org/springframework/boot/spring-boot-loader/2.6.3/spring-boot-loader-2.6.3.jar:/home/marwane/.m2/repository/org/springframework/cloud/spring-cloud-deployer-resource-maven/2.5.1/spring-cloud-deployer-resource-maven-2.5.1.jar:/home/marwane/.m2/repository/org/apache/maven/maven-model-builder/3.6.2/maven-model-builder-3.6.2.jar:/home/marwane/.m2/repository/org/codehaus/plexus/plexus-utils/3.2.1/plexus-utils-3.2.1.jar:/home/marwane/.m2/repository/org/codehaus/plexus/plexus-interpolation/1.25/plexus-interpolation-1.25.jar:/home/marwane/.m2/repository/javax/inject/javax.inject/1/javax.inject-1.jar:/home/marwane/.m2/repository/org/apache/maven/maven-model/3.6.2/maven-model-3.6.2.jar:/home/marwane/.m2/repository/org/apache/maven/maven-artifact/3.6.2/maven-artifact-3.6.2.jar:/home/marwane/.m2/repository/org/apache/commons/commons-lang3/3.12.0/commons-lang3-3.12.0.jar:/home/marwane/.m2/repository/org/apache/maven/maven-builder-support/3.6.2/maven-builder-support-3.6.2.jar:/home/marwane/.m2/repository/org/eclipse/sisu/org.eclipse.sisu.inject/0.3.3/org.eclipse.sisu.inject-0.3.3.jar:/home/marwane/.m2/repository/org/apache/maven/maven-resolver-provider/3.6.2/maven-resolver-provider-3.6.2.jar:/home/marwane/.m2/repository/org/apache/maven/maven-repository-metadata/3.6.2/maven-repository-metadata-3.6.2.jar:/home/marwane/.m2/repository/org/apache/maven/resolver/maven-resolver-api/1.4.1/maven-resolver-api-1.4.1.jar:/home/marwane/.m2/repository/org/apache/maven/resolver/maven-resolver-spi/1.4.1/maven-resolver-spi-1.4.1.jar:/home/marwane/.m2/repository/org/apache/maven/resolver/maven-resolver-util/1.4.1/maven-resolver-util-1.4.1.jar:/home/marwane/.m2/repository/org/apache/maven/resolver/maven-resolver-connector-basic/1.4.1/maven-resolver-connector-basic-1.4.1.jar:/home/marwane/.m2/repository/org/apache/maven/resolver/maven-resolver-transport-file/1.4.1/maven-resolver-transport-file-1.4.1.jar:/home/marwane/.m2/repository/org/apache/maven/resolver/maven-resolver-transport-http/1.4.1/maven-resolver-transport-http-1.4.1.jar:/home/marwane/.m2/repository/org/slf4j/jcl-over-slf4j/1.7.33/jcl-over-slf4j-1.7.33.jar:/home/marwane/.m2/repository/org/apache/maven/resolver/maven-resolver-transport-wagon/1.4.1/maven-resolver-transport-wagon-1.4.1.jar:/home/marwane/.m2/repository/org/apache/maven/wagon/wagon-provider-api/3.0.0/wagon-provider-api-3.0.0.jar:/home/marwane/.m2/repository/org/apache/maven/resolver/maven-resolver-impl/1.4.1/maven-resolver-impl-1.4.1.jar:/home/marwane/.m2/repository/org/apache/maven/wagon/wagon-http/3.3.4/wagon-http-3.3.4.jar:/home/marwane/.m2/repository/org/apache/maven/wagon/wagon-http-shared/3.3.4/wagon-http-shared-3.3.4.jar:/home/marwane/.m2/repository/org/jsoup/jsoup/1.12.1/jsoup-1.12.1.jar:/home/marwane/.m2/repository/commons-io/commons-io/2.6/commons-io-2.6.jar:/home/marwane/.m2/repository/org/springframework/cloud/spring-cloud-stream-binder-rabbit-core/3.2.1/spring-cloud-stream-binder-rabbit-core-3.2.1.jar:/home/marwane/.m2/repository/org/springframework/integration/spring-integration-amqp/5.5.8/spring-integration-amqp-5.5.8.jar:/home/marwane/.m2/repository/com/rabbitmq/http-client/2.1.0.RELEASE/http-client-2.1.0.RELEASE.jar:/home/marwane/.m2/repository/org/apache/httpcomponents/httpclient/4.5.13/httpclient-4.5.13.jar:/home/marwane/.m2/repository/org/apache/httpcomponents/httpcore/4.4.15/httpcore-4.4.15.jar:/home/marwane/.m2/repository/commons-codec/commons-codec/1.15/commons-codec-1.15.jar:/home/marwane/.m2/repository/org/springframework/boot/spring-boot-starter-test/2.6.3/spring-boot-starter-test-2.6.3.jar:/home/marwane/.m2/repository/org/springframework/boot/spring-boot-test/2.6.3/spring-boot-test-2.6.3.jar:/home/marwane/.m2/repository/org/springframework/boot/spring-boot-test-autoconfigure/2.6.3/spring-boot-test-autoconfigure-2.6.3.jar:/home/marwane/.m2/repository/com/jayway/jsonpath/json-path/2.6.0/json-path-2.6.0.jar:/home/marwane/.m2/repository/net/minidev/json-smart/2.4.7/json-smart-2.4.7.jar:/home/marwane/.m2/repository/net/minidev/accessors-smart/2.4.7/accessors-smart-2.4.7.jar:/home/marwane/.m2/repository/org/ow2/asm/asm/9.1/asm-9.1.jar:/home/marwane/.m2/repository/org/slf4j/slf4j-api/1.7.33/slf4j-api-1.7.33.jar:/home/marwane/.m2/repository/jakarta/xml/bind/jakarta.xml.bind-api/2.3.3/jakarta.xml.bind-api-2.3.3.jar:/home/marwane/.m2/repository/jakarta/activation/jakarta.activation-api/1.2.2/jakarta.activation-api-1.2.2.jar:/home/marwane/.m2/repository/org/assertj/assertj-core/3.21.0/assertj-core-3.21.0.jar:/home/marwane/.m2/repository/org/hamcrest/hamcrest/2.2/hamcrest-2.2.jar:/home/marwane/.m2/repository/org/junit/jupiter/junit-jupiter/5.8.2/junit-jupiter-5.8.2.jar:/home/marwane/.m2/repository/org/junit/jupiter/junit-jupiter-api/5.8.2/junit-jupiter-api-5.8.2.jar:/home/marwane/.m2/repository/org/opentest4j/opentest4j/1.2.0/opentest4j-1.2.0.jar:/home/marwane/.m2/repository/org/junit/platform/junit-platform-commons/1.8.2/junit-platform-commons-1.8.2.jar:/home/marwane/.m2/repository/org/apiguardian/apiguardian-api/1.1.2/apiguardian-api-1.1.2.jar:/home/marwane/.m2/repository/org/junit/jupiter/junit-jupiter-params/5.8.2/junit-jupiter-params-5.8.2.jar:/home/marwane/.m2/repository/org/junit/jupiter/junit-jupiter-engine/5.8.2/junit-jupiter-engine-5.8.2.jar:/home/marwane/.m2/repository/org/junit/platform/junit-platform-engine/1.8.2/junit-platform-engine-1.8.2.jar:/home/marwane/.m2/repository/org/mockito/mockito-core/4.0.0/mockito-core-4.0.0.jar:/home/marwane/.m2/repository/net/bytebuddy/byte-buddy/1.11.22/byte-buddy-1.11.22.jar:/home/marwane/.m2/repository/net/bytebuddy/byte-buddy-agent/1.11.22/byte-buddy-agent-1.11.22.jar:/home/marwane/.m2/repository/org/objenesis/objenesis/3.2/objenesis-3.2.jar:/home/marwane/.m2/repository/org/mockito/mockito-junit-jupiter/4.0.0/mockito-junit-jupiter-4.0.0.jar:/home/marwane/.m2/repository/org/skyscreamer/jsonassert/1.5.0/jsonassert-1.5.0.jar:/home/marwane/.m2/repository/com/vaadin/external/google/android-json/0.0.20131108.vaadin1/android-json-0.0.20131108.vaadin1.jar:/home/marwane/.m2/repository/org/springframework/spring-core/5.3.15/spring-core-5.3.15.jar:/home/marwane/.m2/repository/org/springframework/spring-jcl/5.3.15/spring-jcl-5.3.15.jar:/home/marwane/.m2/repository/org/springframework/spring-test/5.3.15/spring-test-5.3.15.jar:/home/marwane/.m2/repository/org/xmlunit/xmlunit-core/2.8.4/xmlunit-core-2.8.4.jar:/home/marwane/.m2/repository/org/springframework/amqp/spring-rabbit-test/2.4.2/spring-rabbit-test-2.4.2.jar:/home/marwane/.m2/repository/org/springframework/amqp/spring-rabbit-junit/2.4.2/spring-rabbit-junit-2.4.2.jar:/home/marwane/.m2/repository/org/hamcrest/hamcrest-library/2.2/hamcrest-library-2.2.jar:/home/marwane/.m2/repository/org/hamcrest/hamcrest-core/2.2/hamcrest-core-2.2.jar:/home/marwane/.m2/repository/org/springframework/cloud/spring-cloud-stream/3.2.1/spring-cloud-stream-3.2.1-test-binder.jar:"/>
    <property name="sun.cpu.endian" value="little"/>
    <property name="user.home" value="/home/marwane"/>
    <property name="user.language" value="fr"/>
    <property name="java.specification.vendor" value="Oracle Corporation"/>
    <property name="java.version.date" value="2021-10-19"/>
    <property name="java.home" value="/usr/lib/jvm/jdk-17"/>
    <property name="file.separator" value="/"/>
    <property name="basedir" value="/home/marwane/Test_Telecom_Monaco/producer"/>
    <property name="java.vm.compressedOopsMode" value="32-bit"/>
    <property name="line.separator" value="&#10;"/>
    <property name="java.vm.specification.vendor" value="Oracle Corporation"/>
    <property name="java.specification.name" value="Java Platform API Specification"/>
    <property name="surefire.real.class.path" value="/home/marwane/Test_Telecom_Monaco/producer/target/surefire/surefirebooter14426610474161501735.jar"/>
    <property name="sun.management.compiler" value="HotSpot 64-Bit Tiered Compilers"/>
    <property name="java.runtime.version" value="17.0.1+12-LTS-39"/>
    <property name="user.name" value="marwane"/>
    <property name="path.separator" value=":"/>
    <property name="os.version" value="5.13.0-28-generic"/>
    <property name="java.runtime.name" value="Java(TM) SE Runtime Environment"/>
    <property name="file.encoding" value="UTF-8"/>
    <property name="java.vm.name" value="Java HotSpot(TM) 64-Bit Server VM"/>
    <property name="localRepository" value="/home/marwane/.m2/repository"/>
    <property name="java.vendor.url.bug" value="https://bugreport.java.com/bugreport/"/>
    <property name="java.io.tmpdir" value="/tmp"/>
    <property name="java.version" value="17.0.1"/>
    <property name="user.dir" value="/home/marwane/Test_Telecom_Monaco/producer"/>
    <property name="os.arch" value="amd64"/>
    <property name="java.vm.specification.name" value="Java Virtual Machine Specification"/>
    <property name="native.encoding" value="UTF-8"/>
    <property name="java.library.path" value="/usr/java/packages/lib:/usr/lib64:/lib64:/lib:/usr/lib"/>
    <property name="java.vm.info" value="mixed mode, sharing"/>
    <property name="java.vendor" value="Oracle Corporation"/>
    <property name="java.vm.version" value="17.0.1+12-LTS-39"/>
    <property name="sun.io.unicode.encoding" value="UnicodeLittle"/>
    <property name="java.class.version" value="61.0"/>
  </properties>
  <testcase name="com.telecom.monaco.consumer.ConsumerApplicationTests" classname="com.telecom.monaco.consumer.ConsumerApplicationTests" time="3.834">
    <error message="Unable to find a @SpringBootConfiguration, you need to use @ContextConfiguration or @SpringBootTest(classes=...) with your test" type="java.lang.IllegalStateException">java.lang.IllegalStateException: Unable to find a @SpringBootConfiguration, you need to use @ContextConfiguration or @SpringBootTest(classes=...) with your test
</error>
    <system-out><![CDATA[16:51:19.975 [main] DEBUG org.springframework.test.context.BootstrapUtils - Instantiating CacheAwareContextLoaderDelegate from class [org.springframework.test.context.cache.DefaultCacheAwareContextLoaderDelegate]
16:51:20.004 [main] DEBUG org.springframework.test.context.BootstrapUtils - Instantiating BootstrapContext using constructor [public org.springframework.test.context.support.DefaultBootstrapContext(java.lang.Class,org.springframework.test.context.CacheAwareContextLoaderDelegate)]
16:51:20.091 [main] DEBUG org.springframework.test.context.BootstrapUtils - Instantiating TestContextBootstrapper for test class [com.telecom.monaco.consumer.ConsumerApplicationTests] from class [org.springframework.boot.test.context.SpringBootTestContextBootstrapper]
16:51:21.486 [main] INFO org.springframework.boot.test.context.SpringBootTestContextBootstrapper - Neither @ContextConfiguration nor @ContextHierarchy found for test class [com.telecom.monaco.consumer.ConsumerApplicationTests], using SpringBootContextLoader
16:51:21.514 [main] DEBUG org.springframework.test.context.support.AbstractContextLoader - Did not detect default resource location for test class [com.telecom.monaco.consumer.ConsumerApplicationTests]: class path resource [com/telecom/monaco/consumer/ConsumerApplicationTests-context.xml] does not exist
16:51:21.516 [main] DEBUG org.springframework.test.context.support.AbstractContextLoader - Did not detect default resource location for test class [com.telecom.monaco.consumer.ConsumerApplicationTests]: class path resource [com/telecom/monaco/consumer/ConsumerApplicationTestsContext.groovy] does not exist
16:51:21.516 [main] INFO org.springframework.test.context.support.AbstractContextLoader - Could not detect default resource locations for test class [com.telecom.monaco.consumer.ConsumerApplicationTests]: no resource found for suffixes {-context.xml, Context.groovy}.
16:51:21.517 [main] INFO org.springframework.test.context.support.AnnotationConfigContextLoaderUtils - Could not detect default configuration classes for test class [com.telecom.monaco.consumer.ConsumerApplicationTests]: ConsumerApplicationTests does not declare any static, non-private, non-final, nested classes annotated with @Configuration.
16:51:22.943 [main] DEBUG org.springframework.test.context.support.ActiveProfilesUtils - Could not find an 'annotation declaring class' for annotation type [org.springframework.test.context.ActiveProfiles] and class [com.telecom.monaco.consumer.ConsumerApplicationTests]
]]></system-out>
  </testcase>
</testsuite>